[01:12:25] [main/INFO] (FabricLoader/GameProvider) Loading Minecraft 1.21 with Fabric Loader 0.15.11
[01:12:26] [main/INFO] (FabricLoader) Loading 59 mods:
	- devauth 1.2.0
	   |-- com_electronwill_night-config_core 3.6.5
	   |-- com_electronwill_night-config_toml 3.6.5
	   \-- me_djtheredstoner_common_ 1.2.0
	- fabric-api 0.100.1+1.21
	- fabric-api-base 0.4.42+6573ed8c90
	- fabric-api-lookup-api-v1 1.6.65+b559734490
	- fabric-biome-api-v1 13.0.28+6fc22b9990
	- fabric-block-api-v1 1.0.22+0af3f5a790
	- fabric-block-view-api-v2 1.0.10+6573ed8c90
	- fabric-blockrenderlayer-v1 1.1.52+0af3f5a790
	- fabric-client-tags-api-v1 1.1.15+6573ed8c90
	- fabric-command-api-v1 1.2.48+f71b366f90
	- fabric-command-api-v2 2.2.27+6a6dfa1990
	- fabric-commands-v0 0.2.65+df3654b390
	- fabric-content-registries-v0 8.0.11+b559734490
	- fabric-convention-tags-v1 2.0.12+7f945d5b90
	- fabric-convention-tags-v2 2.2.1+d153f34490
	- fabric-crash-report-info-v1 0.2.29+0af3f5a790
	- fabric-data-attachment-api-v1 1.1.22+6a6dfa1990
	- fabric-data-generation-api-v1 20.2.6+16c4ae2590
	- fabric-dimensions-v1 4.0.0+6fc22b9990
	- fabric-entity-events-v1 1.6.12+6fc22b9990
	- fabric-events-interaction-v0 0.7.10+e633f88390
	- fabric-game-rule-api-v1 1.0.52+6573ed8c90
	- fabric-gametest-api-v1 2.0.0+6fc22b9990
	- fabric-item-api-v1 11.0.0+afdfc92190
	- fabric-item-group-api-v1 4.1.0+00ab0a6390
	- fabric-key-binding-api-v1 1.0.47+0af3f5a790
	- fabric-keybindings-v0 0.2.45+df3654b390
	- fabric-lifecycle-events-v1 2.3.9+98a7dbbb90
	- fabric-loot-api-v2 3.0.9+6573ed8c90
	- fabric-message-api-v1 6.0.13+6573ed8c90
	- fabric-model-loading-api-v1 2.0.0+fe474d6b90
	- fabric-networking-api-v1 4.1.0+686dcdce90
	- fabric-object-builder-api-v1 15.1.10+d132107690
	- fabric-particles-v1 4.0.2+6573ed8c90
	- fabric-recipe-api-v1 5.0.8+6573ed8c90
	- fabric-registry-sync-v0 5.0.21+b9828ba390
	- fabric-renderer-api-v1 3.2.16+fe474d6b90
	- fabric-renderer-indigo 1.6.3+cc9f121a90
	- fabric-renderer-registries-v1 3.2.66+df3654b390
	- fabric-rendering-data-attachment-v1 0.3.48+73761d2e90
	- fabric-rendering-fluids-v1 3.1.6+b559734490
	- fabric-rendering-v0 1.1.69+df3654b390
	- fabric-rendering-v1 5.0.3+d132107690
	- fabric-resource-conditions-api-v1 4.2.1+d153f34490
	- fabric-resource-loader-v0 1.1.3+b559734490
	- fabric-screen-api-v1 2.0.24+b559734490
	- fabric-screen-handler-api-v1 1.3.78+b559734490
	- fabric-sound-api-v1 1.0.23+6573ed8c90
	- fabric-transfer-api-v1 5.1.12+b559734490
	- fabric-transitive-access-wideners-v1 6.0.12+6573ed8c90
	- fabricloader 0.15.11
	- graysmod 1.0.0
	- java 21
	- minecraft 1.21
	- mixinextras 0.3.5
	- mm 2.3
[01:12:29] [main/WARN] (FabricLoader/ModRemap) Error deleting temporary input jar true
java.nio.file.FileSystemException: D:\grays\My Stuff II\Projects\IntelliJ\Minecraft\Mods\GraysMod 1.21\run\.fabric\tmp\com_electronwill_night-config_toml3307748586026777652.jar: The process cannot access the file because it is being used by another process
	at java.base/sun.nio.fs.WindowsException.translateToIOException(WindowsException.java:92) ~[?:?]
	at java.base/sun.nio.fs.WindowsException.rethrowAsIOException(WindowsException.java:103) ~[?:?]
	at java.base/sun.nio.fs.WindowsException.rethrowAsIOException(WindowsException.java:108) ~[?:?]
	at java.base/sun.nio.fs.WindowsFileSystemProvider.implDelete(WindowsFileSystemProvider.java:273) ~[?:?]
	at java.base/sun.nio.fs.AbstractFileSystemProvider.deleteIfExists(AbstractFileSystemProvider.java:109) ~[?:?]
	at java.base/java.nio.file.Files.deleteIfExists(Files.java:1191) ~[?:?]
	at net.fabricmc.loader.impl.discovery.RuntimeModRemapper.remap(RuntimeModRemapper.java:194) [fabric-loader-0.15.11.jar:?]
	at net.fabricmc.loader.impl.FabricLoaderImpl.setup(FabricLoaderImpl.java:242) [fabric-loader-0.15.11.jar:?]
	at net.fabricmc.loader.impl.FabricLoaderImpl.load(FabricLoaderImpl.java:192) [fabric-loader-0.15.11.jar:?]
	at net.fabricmc.loader.impl.launch.knot.Knot.init(Knot.java:146) [fabric-loader-0.15.11.jar:?]
	at net.fabricmc.loader.impl.launch.knot.Knot.launch(Knot.java:68) [fabric-loader-0.15.11.jar:?]
	at net.fabricmc.loader.impl.launch.knot.KnotClient.main(KnotClient.java:23) [fabric-loader-0.15.11.jar:?]
	at net.fabricmc.devlaunchinjector.Main.main(Main.java:86) [dev-launch-injector-0.2.1+build.8.jar:?]
[01:12:29] [main/WARN] (FabricLoader/ModRemap) Error deleting temporary input jar true
java.nio.file.FileSystemException: D:\grays\My Stuff II\Projects\IntelliJ\Minecraft\Mods\GraysMod 1.21\run\.fabric\tmp\com_electronwill_night-config_core11251448243634351830.jar: The process cannot access the file because it is being used by another process
	at java.base/sun.nio.fs.WindowsException.translateToIOException(WindowsException.java:92) ~[?:?]
	at java.base/sun.nio.fs.WindowsException.rethrowAsIOException(WindowsException.java:103) ~[?:?]
	at java.base/sun.nio.fs.WindowsException.rethrowAsIOException(WindowsException.java:108) ~[?:?]
	at java.base/sun.nio.fs.WindowsFileSystemProvider.implDelete(WindowsFileSystemProvider.java:273) ~[?:?]
	at java.base/sun.nio.fs.AbstractFileSystemProvider.deleteIfExists(AbstractFileSystemProvider.java:109) ~[?:?]
	at java.base/java.nio.file.Files.deleteIfExists(Files.java:1191) ~[?:?]
	at net.fabricmc.loader.impl.discovery.RuntimeModRemapper.remap(RuntimeModRemapper.java:194) [fabric-loader-0.15.11.jar:?]
	at net.fabricmc.loader.impl.FabricLoaderImpl.setup(FabricLoaderImpl.java:242) [fabric-loader-0.15.11.jar:?]
	at net.fabricmc.loader.impl.FabricLoaderImpl.load(FabricLoaderImpl.java:192) [fabric-loader-0.15.11.jar:?]
	at net.fabricmc.loader.impl.launch.knot.Knot.init(Knot.java:146) [fabric-loader-0.15.11.jar:?]
	at net.fabricmc.loader.impl.launch.knot.Knot.launch(Knot.java:68) [fabric-loader-0.15.11.jar:?]
	at net.fabricmc.loader.impl.launch.knot.KnotClient.main(KnotClient.java:23) [fabric-loader-0.15.11.jar:?]
	at net.fabricmc.devlaunchinjector.Main.main(Main.java:86) [dev-launch-injector-0.2.1+build.8.jar:?]
[01:12:29] [main/WARN] (FabricLoader/ModRemap) Error deleting temporary input jar true
java.nio.file.FileSystemException: D:\grays\My Stuff II\Projects\IntelliJ\Minecraft\Mods\GraysMod 1.21\run\.fabric\tmp\me_djtheredstoner_common_9649308277614957413.jar: The process cannot access the file because it is being used by another process
	at java.base/sun.nio.fs.WindowsException.translateToIOException(WindowsException.java:92) ~[?:?]
	at java.base/sun.nio.fs.WindowsException.rethrowAsIOException(WindowsException.java:103) ~[?:?]
	at java.base/sun.nio.fs.WindowsException.rethrowAsIOException(WindowsException.java:108) ~[?:?]
	at java.base/sun.nio.fs.WindowsFileSystemProvider.implDelete(WindowsFileSystemProvider.java:273) ~[?:?]
	at java.base/sun.nio.fs.AbstractFileSystemProvider.deleteIfExists(AbstractFileSystemProvider.java:109) ~[?:?]
	at java.base/java.nio.file.Files.deleteIfExists(Files.java:1191) ~[?:?]
	at net.fabricmc.loader.impl.discovery.RuntimeModRemapper.remap(RuntimeModRemapper.java:194) [fabric-loader-0.15.11.jar:?]
	at net.fabricmc.loader.impl.FabricLoaderImpl.setup(FabricLoaderImpl.java:242) [fabric-loader-0.15.11.jar:?]
	at net.fabricmc.loader.impl.FabricLoaderImpl.load(FabricLoaderImpl.java:192) [fabric-loader-0.15.11.jar:?]
	at net.fabricmc.loader.impl.launch.knot.Knot.init(Knot.java:146) [fabric-loader-0.15.11.jar:?]
	at net.fabricmc.loader.impl.launch.knot.Knot.launch(Knot.java:68) [fabric-loader-0.15.11.jar:?]
	at net.fabricmc.loader.impl.launch.knot.KnotClient.main(KnotClient.java:23) [fabric-loader-0.15.11.jar:?]
	at net.fabricmc.devlaunchinjector.Main.main(Main.java:86) [dev-launch-injector-0.2.1+build.8.jar:?]
[01:12:30] [main/INFO] (FabricLoader/Mixin) SpongePowered MIXIN Subsystem Version=0.8.5 Source=file:/C:/Users/grays/.gradle/caches/modules-2/files-2.1/net.fabricmc/sponge-mixin/0.13.3+mixin.0.8.5/9527e6b0d2449408958fd1302594dc65ec5ade9c/sponge-mixin-0.13.3+mixin.0.8.5.jar Service=Knot/Fabric Env=CLIENT
[01:12:30] [main/INFO] (FabricLoader/Mixin) Loaded Fabric development mappings for mixin remapper!
[01:12:30] [main/INFO] (FabricLoader/Mixin) Compatibility level set to JAVA_17
[01:12:30] [main/INFO] (FabricLoader/Mixin) Compatibility level set to JAVA_21
[01:12:31] [main/INFO] (FabricLoader/MixinExtras|Service) Initializing MixinExtras via com.llamalad7.mixinextras.service.MixinExtrasServiceImpl(version=0.3.5).
[01:12:33] [main/INFO] (DevAuth) Successfully logged in as Graysblock
[01:12:35] [Datafixer Bootstrap/INFO] (Minecraft) 226 Datafixer optimizations took 487 milliseconds
[01:12:46] [Render thread/INFO] (Minecraft) Environment: Environment[sessionHost=https://sessionserver.mojang.com, servicesHost=https://api.minecraftservices.com, name=PROD]
[01:12:46] [Render thread/INFO] (Minecraft) Setting user: Graysblock
[01:12:46] [Render thread/INFO] (MM) Definitely not up to no good
[01:12:46] [Render thread/INFO] (GraysMod) Drink your food and eat your water!
[01:12:46] [Render thread/INFO] (GraysMod) Registering GraysMod Items...
[01:12:46] [Render thread/INFO] (GraysMod) Registering GraysMod Blocks...
[01:12:46] [Render thread/INFO] (GraysMod) Registering GraysMod Block Entities...
[01:12:46] [Render thread/INFO] (GraysMod) Registering GraysMod Screen Handlers...
[01:12:46] [Render thread/INFO] (GraysMod) Registering GraysMod Recipe Types...
[01:12:46] [Render thread/INFO] (GraysMod) Registering GraysMod Recipe Serializers...
[01:12:46] [Render thread/INFO] (GraysMod) Registering GraysMod Item Groups...
[01:12:46] [Render thread/INFO] (GraysMod) Registering GraysMod Sound Events...
[01:12:46] [Render thread/INFO] (GraysMod) Registering GraysMod Status Effects...
[01:12:46] [Render thread/INFO] (Indigo) [Indigo] Registering Indigo renderer!
[01:12:47] [Render thread/INFO] (GraysMod) Registering GraysMod Entity Models...
[01:12:48] [Render thread/INFO] (Minecraft) Backend library: LWJGL version 3.3.3-snapshot
[01:12:50] [Render thread/INFO] (Minecraft) Reloading ResourceManager: vanilla, fabric, devauth, fabric-api, fabric-api-base, fabric-api-lookup-api-v1, fabric-biome-api-v1, fabric-block-api-v1, fabric-block-view-api-v2, fabric-blockrenderlayer-v1, fabric-client-tags-api-v1, fabric-command-api-v1, fabric-command-api-v2, fabric-commands-v0, fabric-content-registries-v0, fabric-convention-tags-v1, fabric-convention-tags-v2, fabric-crash-report-info-v1, fabric-data-attachment-api-v1, fabric-data-generation-api-v1, fabric-dimensions-v1, fabric-entity-events-v1, fabric-events-interaction-v0, fabric-game-rule-api-v1, fabric-gametest-api-v1, fabric-item-api-v1, fabric-item-group-api-v1, fabric-key-binding-api-v1, fabric-keybindings-v0, fabric-lifecycle-events-v1, fabric-loot-api-v2, fabric-message-api-v1, fabric-model-loading-api-v1, fabric-networking-api-v1, fabric-object-builder-api-v1, fabric-particles-v1, fabric-recipe-api-v1, fabric-registry-sync-v0, fabric-renderer-api-v1, fabric-renderer-indigo, fabric-renderer-registries-v1, fabric-rendering-data-attachment-v1, fabric-rendering-fluids-v1, fabric-rendering-v0, fabric-rendering-v1, fabric-resource-conditions-api-v1, fabric-resource-loader-v0, fabric-screen-api-v1, fabric-screen-handler-api-v1, fabric-sound-api-v1, fabric-transfer-api-v1, fabric-transitive-access-wideners-v1, fabricloader, graysmod, me_djtheredstoner_common_, mm
[01:12:50] [Worker-Main-13/INFO] (Minecraft) Found unifont_all_no_pua-15.1.05.hex, loading
[01:12:50] [Worker-Main-2/INFO] (Minecraft) Found unifont_jp_patch-15.1.05.hex, loading
[01:12:52] [Worker-Main-1/WARN] (Minecraft) Unable to load model: 'graysmod:block/repulsion_gel' referenced from: graysmod:block/repulsion_gel: java.io.FileNotFoundException: graysmod:models/block/repulsion_gel.json
[01:12:52] [Worker-Main-1/WARN] (Minecraft) Missing textures in model graysmod:prismarine_workbench#:
    minecraft:textures/atlas/blocks.png:graysmod:block/prismarine_workbench_side
    minecraft:textures/atlas/blocks.png:graysmod:block/prismarine_workbench_top
[01:12:52] [Worker-Main-1/WARN] (Minecraft) Missing textures in model graysmod:prismarine_workbench#inventory:
    minecraft:textures/atlas/blocks.png:graysmod:block/prismarine_workbench_side
    minecraft:textures/atlas/blocks.png:graysmod:block/prismarine_workbench_top
[01:12:53] [Render thread/WARN] (Minecraft) Missing sound for event: minecraft:item.goat_horn.play
[01:12:53] [Render thread/WARN] (Minecraft) Missing sound for event: minecraft:entity.goat.screaming.horn_break
[01:12:53] [Render thread/INFO] (Minecraft) OpenAL initialized on device OpenAL Soft on Speakers (Realtek(R) Audio)
[01:12:53] [Render thread/INFO] (Minecraft) Sound engine started
[01:12:53] [Render thread/INFO] (Minecraft) Created: 1024x512x4 minecraft:textures/atlas/blocks.png-atlas
[01:12:53] [Render thread/INFO] (Minecraft) Created: 256x256x4 minecraft:textures/atlas/signs.png-atlas
[01:12:53] [Render thread/INFO] (Minecraft) Created: 512x512x4 minecraft:textures/atlas/shield_patterns.png-atlas
[01:12:53] [Render thread/INFO] (Minecraft) Created: 512x512x4 minecraft:textures/atlas/banner_patterns.png-atlas
[01:12:53] [Render thread/INFO] (Minecraft) Created: 1024x1024x4 minecraft:textures/atlas/armor_trims.png-atlas
[01:12:53] [Render thread/INFO] (Minecraft) Created: 128x64x4 minecraft:textures/atlas/decorated_pot.png-atlas
[01:12:53] [Render thread/INFO] (Minecraft) Created: 256x256x4 minecraft:textures/atlas/chest.png-atlas
[01:12:53] [Render thread/INFO] (Minecraft) Created: 512x256x4 minecraft:textures/atlas/shulker_boxes.png-atlas
[01:12:53] [Render thread/INFO] (Minecraft) Created: 512x256x4 minecraft:textures/atlas/beds.png-atlas
[01:12:54] [Render thread/INFO] (Minecraft) Created: 512x256x0 minecraft:textures/atlas/particles.png-atlas
[01:12:54] [Render thread/INFO] (Minecraft) Created: 512x256x0 minecraft:textures/atlas/paintings.png-atlas
[01:12:54] [Render thread/INFO] (Minecraft) Created: 256x128x0 minecraft:textures/atlas/mob_effects.png-atlas
[01:12:54] [Render thread/INFO] (Minecraft) Created: 64x64x0 minecraft:textures/atlas/map_decorations.png-atlas
[01:12:54] [Render thread/INFO] (Minecraft) Created: 1024x512x0 minecraft:textures/atlas/gui.png-atlas
[01:12:54] [Render thread/WARN] (Minecraft) Shader rendertype_entity_translucent_emissive could not find sampler named Sampler2 in the specified shader program.
[01:13:02] [Render thread/INFO] (Minecraft) Loaded 1330 recipes
[01:13:03] [Render thread/INFO] (Minecraft) Loaded 1445 advancements
[01:13:03] [Render thread/INFO] (BiomeModificationImpl) Applied 0 biome modifications to 0 of 64 new biomes in 2.858 ms
[01:13:03] [Server thread/INFO] (Minecraft) Starting integrated minecraft server version 1.21
[01:13:03] [Server thread/INFO] (Minecraft) Generating keypair
[01:13:04] [Server thread/INFO] (Minecraft) Preparing start region for dimension minecraft:overworld
[01:13:05] [Render thread/INFO] (Minecraft) Preparing spawn area: 0%
[01:13:05] [Render thread/INFO] (Minecraft) Preparing spawn area: 0%
[01:13:05] [Render thread/INFO] (Minecraft) Time elapsed: 781 ms
[01:13:05] [Server thread/INFO] (Minecraft) Changing view distance to 12, from 10
[01:13:05] [Server thread/INFO] (Minecraft) Changing simulation distance to 12, from 0
[01:13:07] [Server thread/INFO] (Minecraft) Graysblock[local:E:2a5f88f7] logged in with entity id 75 at (-9.35950267735344, 72.49390748022948, 545.2702568404713)
[01:13:08] [Server thread/INFO] (Minecraft) Graysblock joined the game
[01:13:08] [Render thread/WARN] (Minecraft) Unknown recipe category: graysmod:firing/graysmod:stone_from_firing
[01:13:08] [Render thread/WARN] (Minecraft) Unknown recipe category: graysmod:firing/graysmod:smooth_red_sandstone_from_firing
[01:13:08] [Render thread/WARN] (Minecraft) Unknown recipe category: graysmod:firing/graysmod:yellow_glazed_terracotta_from_firing
[01:13:08] [Render thread/WARN] (Minecraft) Unknown recipe category: graysmod:firing/graysmod:orange_glazed_terracotta_from_firing
[01:13:08] [Render thread/WARN] (Minecraft) Unknown recipe category: graysmod:firing/graysmod:smooth_sandstone_from_firing
[01:13:08] [Render thread/WARN] (Minecraft) Unknown recipe category: graysmod:firing/graysmod:red_glazed_terracotta_from_firing
[01:13:08] [Render thread/WARN] (Minecraft) Unknown recipe category: graysmod:firing/graysmod:magenta_glazed_terracotta_from_firing
[01:13:08] [Render thread/WARN] (Minecraft) Unknown recipe category: graysmod:firing/graysmod:brown_glazed_terracotta_from_firing
[01:13:08] [Render thread/WARN] (Minecraft) Unknown recipe category: graysmod:firing/graysmod:terracotta_from_firing
[01:13:08] [Render thread/WARN] (Minecraft) Unknown recipe category: graysmod:firing/graysmod:cracked_deepslate_bricks_from_firing
[01:13:08] [Render thread/WARN] (Minecraft) Unknown recipe category: graysmod:firing/graysmod:gray_glazed_terracotta_from_firing
[01:13:08] [Render thread/WARN] (Minecraft) Unknown recipe category: graysmod:firing/graysmod:white_glazed_terracotta_from_firing
[01:13:08] [Render thread/WARN] (Minecraft) Unknown recipe category: graysmod:firing/graysmod:blue_glazed_terracotta_from_firing
[01:13:08] [Render thread/WARN] (Minecraft) Unknown recipe category: graysmod:firing/graysmod:light_gray_glazed_terracotta_from_firing
[01:13:08] [Render thread/WARN] (Minecraft) Unknown recipe category: graysmod:firing/graysmod:smooth_basalt_from_firing
[01:13:08] [Render thread/WARN] (Minecraft) Unknown recipe category: graysmod:firing/graysmod:brick_from_firing
[01:13:08] [Render thread/WARN] (Minecraft) Unknown recipe category: graysmod:firing/graysmod:nether_brick_from_firing
[01:13:08] [Render thread/WARN] (Minecraft) Unknown recipe category: graysmod:firing/graysmod:light_blue_glazed_terracotta_from_firing
[01:13:08] [Render thread/WARN] (Minecraft) Unknown recipe category: graysmod:firing/graysmod:lime_glazed_terracotta_from_firing
[01:13:08] [Render thread/WARN] (Minecraft) Unknown recipe category: graysmod:firing/graysmod:green_glazed_terracotta_from_firing
[01:13:08] [Render thread/WARN] (Minecraft) Unknown recipe category: graysmod:firing/graysmod:pink_glazed_terracotta_from_firing
[01:13:08] [Render thread/WARN] (Minecraft) Unknown recipe category: graysmod:firing/graysmod:cracked_stone_bricks_from_firing
[01:13:08] [Render thread/WARN] (Minecraft) Unknown recipe category: graysmod:firing/graysmod:cracked_deepslate_tiles_from_firing
[01:13:08] [Render thread/WARN] (Minecraft) Unknown recipe category: graysmod:firing/graysmod:cracked_nether_bricks_from_firing
[01:13:08] [Render thread/WARN] (Minecraft) Unknown recipe category: graysmod:firing/graysmod:purple_glazed_terracotta_from_firing
[01:13:08] [Render thread/WARN] (Minecraft) Unknown recipe category: graysmod:firing/graysmod:cyan_glazed_terracotta_from_firing
[01:13:08] [Render thread/WARN] (Minecraft) Unknown recipe category: graysmod:firing/graysmod:smooth_stone_from_firing
[01:13:08] [Render thread/WARN] (Minecraft) Unknown recipe category: graysmod:firing/graysmod:smooth_quartz_from_firing
[01:13:08] [Render thread/WARN] (Minecraft) Unknown recipe category: graysmod:firing/graysmod:glass_from_firing
[01:13:08] [Render thread/WARN] (Minecraft) Unknown recipe category: graysmod:firing/graysmod:black_glazed_terracotta_from_firing
[01:13:08] [Render thread/WARN] (Minecraft) Unknown recipe category: graysmod:firing/graysmod:cracked_polished_blackstone_bricks_from_firing
[01:13:08] [Render thread/WARN] (Minecraft) Unknown recipe category: graysmod:firing/graysmod:deepslate_from_firing
[01:13:08] [Render thread/WARN] (Minecraft) Unknown recipe category: graysmod:prismarine_crafting/graysmod:prismarine_sword
[01:13:08] [Render thread/INFO] (Minecraft) Loaded 1394 advancements
[01:13:09] [Server thread/INFO] (Minecraft) Saving and pausing game...
[01:13:09] [Server thread/INFO] (Minecraft) Saving chunks for level 'ServerLevel[GraysMod Test World]'/minecraft:overworld
[01:13:09] [Server thread/INFO] (Minecraft) Saving chunks for level 'ServerLevel[GraysMod Test World]'/minecraft:the_nether
[01:13:09] [Server thread/INFO] (Minecraft) Saving chunks for level 'ServerLevel[GraysMod Test World]'/minecraft:the_end
[01:24:29] [Server thread/INFO] (Minecraft) Saving and pausing game...
[01:24:30] [Server thread/INFO] (Minecraft) Saving chunks for level 'ServerLevel[GraysMod Test World]'/minecraft:overworld
[01:24:30] [Server thread/INFO] (Minecraft) Saving chunks for level 'ServerLevel[GraysMod Test World]'/minecraft:the_nether
[01:24:30] [Server thread/INFO] (Minecraft) Saving chunks for level 'ServerLevel[GraysMod Test World]'/minecraft:the_end
[01:24:30] [Server thread/INFO] (Minecraft) Graysblock lost connection: Disconnected
[01:24:30] [Server thread/INFO] (Minecraft) Graysblock left the game
[01:24:30] [Server thread/INFO] (Minecraft) Stopping singleplayer server as player logged out
[01:24:30] [Server thread/INFO] (Minecraft) Stopping server
[01:24:30] [Server thread/INFO] (Minecraft) Saving players
[01:24:30] [Server thread/INFO] (Minecraft) Saving worlds
[01:24:30] [Server thread/INFO] (Minecraft) Saving chunks for level 'ServerLevel[GraysMod Test World]'/minecraft:overworld
[01:24:31] [Server thread/INFO] (Minecraft) Saving chunks for level 'ServerLevel[GraysMod Test World]'/minecraft:the_nether
[01:24:31] [Server thread/INFO] (Minecraft) Saving chunks for level 'ServerLevel[GraysMod Test World]'/minecraft:the_end
[01:24:31] [Server thread/INFO] (Minecraft) ThreadedAnvilChunkStorage (GraysMod Test World): All chunks are saved
[01:24:31] [Server thread/INFO] (Minecraft) ThreadedAnvilChunkStorage (DIM-1): All chunks are saved
[01:24:31] [Server thread/INFO] (Minecraft) ThreadedAnvilChunkStorage (DIM1): All chunks are saved
[01:24:31] [Server thread/INFO] (Minecraft) ThreadedAnvilChunkStorage: All dimensions are saved
[01:24:37] [Render thread/INFO] (Minecraft) Stopping!
